<?xml version="1.0" encoding="UTF-8"?>
<coverage generated="1657865937685" clover="3.2.0">
  <project timestamp="1657865937685" name="All files">
    <metrics statements="60" coveredstatements="31" conditionals="18" coveredconditionals="7" methods="24" coveredmethods="11" elements="102" coveredelements="49" complexity="0" loc="60" ncloc="60" packages="1" files="4" classes="4"/>
    <file name="ColorsDropdown.jsx" path="/Users/moshfeqshahrani/Desktop/Project-Zappies/client/src/ColorsDropdown.jsx">
      <metrics statements="11" coveredstatements="9" conditionals="2" coveredconditionals="2" methods="7" coveredmethods="5"/>
      <line num="6" count="4" type="stmt"/>
      <line num="8" count="4" type="stmt"/>
      <line num="12" count="4" type="stmt"/>
      <line num="13" count="4" type="stmt"/>
      <line num="17" count="1" type="stmt"/>
      <line num="19" count="1" type="stmt"/>
      <line num="20" count="1" type="stmt"/>
      <line num="25" count="0" type="stmt"/>
      <line num="26" count="0" type="stmt"/>
      <line num="31" count="9" type="stmt"/>
      <line num="37" count="2" type="stmt"/>
    </file>
    <file name="QuantityDropdown.jsx" path="/Users/moshfeqshahrani/Desktop/Project-Zappies/client/src/QuantityDropdown.jsx">
      <metrics statements="19" coveredstatements="10" conditionals="8" coveredconditionals="3" methods="7" coveredmethods="2"/>
      <line num="10" count="3" type="stmt"/>
      <line num="12" count="3" type="stmt"/>
      <line num="17" count="3" type="stmt"/>
      <line num="18" count="3" type="stmt"/>
      <line num="22" count="0" type="stmt"/>
      <line num="24" count="0" type="stmt"/>
      <line num="25" count="0" type="stmt"/>
      <line num="30" count="0" type="stmt"/>
      <line num="31" count="0" type="stmt"/>
      <line num="36" count="4" type="cond" truecount="1" falsecount="1"/>
      <line num="37" count="4" type="stmt"/>
      <line num="39" count="4" type="stmt"/>
      <line num="40" count="0" type="stmt"/>
      <line num="42" count="4" type="stmt"/>
      <line num="43" count="4" type="cond" truecount="1" falsecount="1"/>
      <line num="44" count="0" type="cond" truecount="0" falsecount="2"/>
      <line num="45" count="0" type="stmt"/>
      <line num="49" count="4" type="stmt"/>
      <line num="55" count="0" type="stmt"/>
    </file>
    <file name="ShoppingCart.jsx" path="/Users/moshfeqshahrani/Desktop/Project-Zappies/client/src/ShoppingCart.jsx">
      <metrics statements="16" coveredstatements="5" conditionals="4" coveredconditionals="0" methods="3" coveredmethods="2"/>
      <line num="8" count="1" type="stmt"/>
      <line num="9" count="1" type="stmt"/>
      <line num="15" count="1" type="stmt"/>
      <line num="18" count="1" type="stmt"/>
      <line num="20" count="0" type="stmt"/>
      <line num="21" count="0" type="stmt"/>
      <line num="23" count="0" type="cond" truecount="0" falsecount="4"/>
      <line num="25" count="0" type="stmt"/>
      <line num="26" count="0" type="stmt"/>
      <line num="27" count="0" type="stmt"/>
      <line num="29" count="0" type="stmt"/>
      <line num="30" count="0" type="stmt"/>
      <line num="31" count="0" type="stmt"/>
      <line num="32" count="0" type="stmt"/>
      <line num="34" count="0" type="stmt"/>
      <line num="41" count="1" type="stmt"/>
    </file>
    <file name="SizesDropdown.jsx" path="/Users/moshfeqshahrani/Desktop/Project-Zappies/client/src/SizesDropdown.jsx">
      <metrics statements="14" coveredstatements="7" conditionals="4" coveredconditionals="2" methods="7" coveredmethods="2"/>
      <line num="9" count="1" type="stmt"/>
      <line num="11" count="1" type="stmt"/>
      <line num="15" count="1" type="stmt"/>
      <line num="16" count="1" type="stmt"/>
      <line num="20" count="0" type="stmt"/>
      <line num="22" count="0" type="stmt"/>
      <line num="23" count="0" type="stmt"/>
      <line num="28" count="0" type="stmt"/>
      <line num="29" count="0" type="stmt"/>
      <line num="35" count="1" type="stmt"/>
      <line num="36" count="1" type="cond" truecount="1" falsecount="1"/>
      <line num="37" count="0" type="stmt"/>
      <line num="40" count="1" type="stmt"/>
      <line num="46" count="0" type="stmt"/>
    </file>
  </project>
</coverage>
