{"/Users/moshfeqshahrani/Desktop/Project-Zappies/client/src/App.jsx": {"path":"/Users/moshfeqshahrani/Desktop/Project-Zappies/client/src/App.jsx","statementMap":{"0":{"start":{"line":14,"column":4},"end":{"line":14,"column":17}},"1":{"start":{"line":15,"column":4},"end":{"line":20,"column":5}},"2":{"start":{"line":21,"column":4},"end":{"line":21,"column":53}},"3":{"start":{"line":24,"column":17},"end":{"line":71,"column":3}},"4":{"start":{"line":68,"column":4},"end":{"line":70,"column":6}},"5":{"start":{"line":78,"column":4},"end":{"line":100,"column":5}},"6":{"start":{"line":79,"column":6},"end":{"line":83,"column":7}},"7":{"start":{"line":85,"column":6},"end":{"line":99,"column":13}},"8":{"start":{"line":94,"column":14},"end":{"line":94,"column":29}}},"fnMap":{"0":{"name":"(anonymous_0)","decl":{"start":{"line":13,"column":2},"end":{"line":13,"column":3}},"loc":{"start":{"line":13,"column":21},"end":{"line":23,"column":3}},"line":13},"1":{"name":"(anonymous_1)","decl":{"start":{"line":24,"column":17},"end":{"line":24,"column":18}},"loc":{"start":{"line":24,"column":23},"end":{"line":71,"column":3}},"line":24},"2":{"name":"(anonymous_2)","decl":{"start":{"line":77,"column":2},"end":{"line":77,"column":3}},"loc":{"start":{"line":77,"column":11},"end":{"line":101,"column":3}},"line":77},"3":{"name":"(anonymous_3)","decl":{"start":{"line":93,"column":34},"end":{"line":93,"column":35}},"loc":{"start":{"line":94,"column":14},"end":{"line":94,"column":29}},"line":94}},"branchMap":{"0":{"loc":{"start":{"line":78,"column":4},"end":{"line":100,"column":5}},"type":"if","locations":[{"start":{"line":78,"column":4},"end":{"line":100,"column":5}},{"start":{"line":84,"column":11},"end":{"line":100,"column":5}}],"line":78}},"s":{"0":3,"1":3,"2":3,"3":3,"4":0,"5":3,"6":0,"7":3,"8":0},"f":{"0":3,"1":0,"2":3,"3":0},"b":{"0":[0,3]},"_coverageSchema":"1a1c01bbd47fc00a2c39e90264f33305004495a9","hash":"0d9d65058edb1eba6e55a94ea763e291efbe75ac"}
,"/Users/moshfeqshahrani/Desktop/Project-Zappies/client/src/ColorsDropdown.jsx": {"path":"/Users/moshfeqshahrani/Desktop/Project-Zappies/client/src/ColorsDropdown.jsx","statementMap":{"0":{"start":{"line":6,"column":4},"end":{"line":6,"column":12}},"1":{"start":{"line":8,"column":4},"end":{"line":10,"column":6}},"2":{"start":{"line":12,"column":4},"end":{"line":12,"column":45}},"3":{"start":{"line":13,"column":4},"end":{"line":13,"column":47}},"4":{"start":{"line":17,"column":4},"end":{"line":17,"column":27}},"5":{"start":{"line":19,"column":4},"end":{"line":21,"column":7}},"6":{"start":{"line":20,"column":6},"end":{"line":20,"column":57}},"7":{"start":{"line":25,"column":4},"end":{"line":27,"column":7}},"8":{"start":{"line":26,"column":6},"end":{"line":26,"column":60}},"9":{"start":{"line":31,"column":4},"end":{"line":53,"column":6}},"10":{"start":{"line":42,"column":18},"end":{"line":42,"column":111}}},"fnMap":{"0":{"name":"(anonymous_0)","decl":{"start":{"line":5,"column":2},"end":{"line":5,"column":3}},"loc":{"start":{"line":5,"column":21},"end":{"line":14,"column":3}},"line":5},"1":{"name":"(anonymous_1)","decl":{"start":{"line":16,"column":2},"end":{"line":16,"column":3}},"loc":{"start":{"line":16,"column":18},"end":{"line":22,"column":3}},"line":16},"2":{"name":"(anonymous_2)","decl":{"start":{"line":19,"column":38},"end":{"line":19,"column":39}},"loc":{"start":{"line":19,"column":44},"end":{"line":21,"column":5}},"line":19},"3":{"name":"(anonymous_3)","decl":{"start":{"line":24,"column":2},"end":{"line":24,"column":3}},"loc":{"start":{"line":24,"column":14},"end":{"line":28,"column":3}},"line":24},"4":{"name":"(anonymous_4)","decl":{"start":{"line":25,"column":39},"end":{"line":25,"column":40}},"loc":{"start":{"line":25,"column":45},"end":{"line":27,"column":5}},"line":25},"5":{"name":"(anonymous_5)","decl":{"start":{"line":30,"column":2},"end":{"line":30,"column":3}},"loc":{"start":{"line":30,"column":11},"end":{"line":54,"column":3}},"line":30},"6":{"name":"(anonymous_6)","decl":{"start":{"line":41,"column":39},"end":{"line":41,"column":40}},"loc":{"start":{"line":42,"column":18},"end":{"line":42,"column":111}},"line":42}},"branchMap":{"0":{"loc":{"start":{"line":38,"column":10},"end":{"line":50,"column":13}},"type":"cond-expr","locations":[{"start":{"line":40,"column":14},"end":{"line":46,"column":20}},{"start":{"line":49,"column":14},"end":{"line":49,"column":18}}],"line":38}},"s":{"0":1,"1":1,"2":1,"3":1,"4":0,"5":0,"6":0,"7":0,"8":0,"9":1,"10":0},"f":{"0":1,"1":0,"2":0,"3":0,"4":0,"5":1,"6":0},"b":{"0":[0,1]},"_coverageSchema":"1a1c01bbd47fc00a2c39e90264f33305004495a9","hash":"9d8a2dce272ce30909bb3daaec246a89d690b742"}
,"/Users/moshfeqshahrani/Desktop/Project-Zappies/client/src/MainPage.jsx": {"path":"/Users/moshfeqshahrani/Desktop/Project-Zappies/client/src/MainPage.jsx","statementMap":{"0":{"start":{"line":6,"column":4},"end":{"line":6,"column":17}},"1":{"start":{"line":7,"column":4},"end":{"line":9,"column":6}},"2":{"start":{"line":13,"column":4},"end":{"line":17,"column":6}}},"fnMap":{"0":{"name":"(anonymous_0)","decl":{"start":{"line":5,"column":2},"end":{"line":5,"column":3}},"loc":{"start":{"line":5,"column":21},"end":{"line":10,"column":3}},"line":5},"1":{"name":"(anonymous_1)","decl":{"start":{"line":12,"column":2},"end":{"line":12,"column":3}},"loc":{"start":{"line":12,"column":11},"end":{"line":18,"column":3}},"line":12}},"branchMap":{},"s":{"0":2,"1":2,"2":2},"f":{"0":2,"1":2},"b":{},"_coverageSchema":"1a1c01bbd47fc00a2c39e90264f33305004495a9","hash":"bdadef3879c3c52ce27bc092bf6c055d22c3210f"}
,"/Users/moshfeqshahrani/Desktop/Project-Zappies/client/src/ProductDetail.jsx": {"path":"/Users/moshfeqshahrani/Desktop/Project-Zappies/client/src/ProductDetail.jsx","statementMap":{"0":{"start":{"line":14,"column":8},"end":{"line":14,"column":21}},"1":{"start":{"line":15,"column":8},"end":{"line":35,"column":9}},"2":{"start":{"line":36,"column":8},"end":{"line":36,"column":63}},"3":{"start":{"line":37,"column":8},"end":{"line":37,"column":51}},"4":{"start":{"line":38,"column":8},"end":{"line":38,"column":53}},"5":{"start":{"line":39,"column":8},"end":{"line":39,"column":57}},"6":{"start":{"line":40,"column":8},"end":{"line":40,"column":51}},"7":{"start":{"line":44,"column":16},"end":{"line":64,"column":5}},"8":{"start":{"line":51,"column":23},"end":{"line":51,"column":25}},"9":{"start":{"line":52,"column":8},"end":{"line":54,"column":9}},"10":{"start":{"line":53,"column":12},"end":{"line":53,"column":28}},"11":{"start":{"line":56,"column":8},"end":{"line":61,"column":10}},"12":{"start":{"line":66,"column":22},"end":{"line":170,"column":5}},"13":{"start":{"line":67,"column":22},"end":{"line":75,"column":9}},"14":{"start":{"line":77,"column":8},"end":{"line":167,"column":11}},"15":{"start":{"line":78,"column":12},"end":{"line":78,"column":66}},"16":{"start":{"line":79,"column":12},"end":{"line":79,"column":65}},"17":{"start":{"line":80,"column":12},"end":{"line":80,"column":59}},"18":{"start":{"line":81,"column":30},"end":{"line":81,"column":32}},"19":{"start":{"line":82,"column":12},"end":{"line":111,"column":13}},"20":{"start":{"line":82,"column":25},"end":{"line":82,"column":26}},"21":{"start":{"line":83,"column":36},"end":{"line":83,"column":38}},"22":{"start":{"line":84,"column":28},"end":{"line":84,"column":30}},"23":{"start":{"line":86,"column":16},"end":{"line":88,"column":17}},"24":{"start":{"line":86,"column":29},"end":{"line":86,"column":30}},"25":{"start":{"line":87,"column":20},"end":{"line":87,"column":139}},"26":{"start":{"line":91,"column":16},"end":{"line":91,"column":46}},"27":{"start":{"line":94,"column":16},"end":{"line":101,"column":17}},"28":{"start":{"line":95,"column":35},"end":{"line":95,"column":94}},"29":{"start":{"line":96,"column":31},"end":{"line":96,"column":50}},"30":{"start":{"line":97,"column":35},"end":{"line":97,"column":64}},"31":{"start":{"line":98,"column":20},"end":{"line":98,"column":62}},"32":{"start":{"line":99,"column":20},"end":{"line":99,"column":51}},"33":{"start":{"line":100,"column":20},"end":{"line":100,"column":96}},"34":{"start":{"line":103,"column":28},"end":{"line":103,"column":79}},"35":{"start":{"line":104,"column":27},"end":{"line":104,"column":43}},"36":{"start":{"line":105,"column":31},"end":{"line":105,"column":60}},"37":{"start":{"line":106,"column":16},"end":{"line":106,"column":50}},"38":{"start":{"line":110,"column":16},"end":{"line":110,"column":86}},"39":{"start":{"line":112,"column":12},"end":{"line":112,"column":36}},"40":{"start":{"line":123,"column":25},"end":{"line":123,"column":97}},"41":{"start":{"line":126,"column":27},"end":{"line":126,"column":63}},"42":{"start":{"line":128,"column":28},"end":{"line":128,"column":30}},"43":{"start":{"line":129,"column":28},"end":{"line":129,"column":30}},"44":{"start":{"line":130,"column":30},"end":{"line":130,"column":32}},"45":{"start":{"line":132,"column":28},"end":{"line":132,"column":68}},"46":{"start":{"line":133,"column":12},"end":{"line":140,"column":13}},"47":{"start":{"line":133,"column":25},"end":{"line":133,"column":26}},"48":{"start":{"line":134,"column":16},"end":{"line":134,"column":73}},"49":{"start":{"line":135,"column":32},"end":{"line":135,"column":34}},"50":{"start":{"line":136,"column":16},"end":{"line":138,"column":17}},"51":{"start":{"line":136,"column":29},"end":{"line":136,"column":30}},"52":{"start":{"line":137,"column":20},"end":{"line":137,"column":153}},"53":{"start":{"line":139,"column":16},"end":{"line":139,"column":86}},"54":{"start":{"line":148,"column":27},"end":{"line":148,"column":29}},"55":{"start":{"line":149,"column":12},"end":{"line":151,"column":13}},"56":{"start":{"line":150,"column":16},"end":{"line":150,"column":32}},"57":{"start":{"line":153,"column":12},"end":{"line":164,"column":14}},"58":{"start":{"line":166,"column":12},"end":{"line":166,"column":33}},"59":{"start":{"line":171,"column":17},"end":{"line":177,"column":5}},"60":{"start":{"line":172,"column":8},"end":{"line":175,"column":10}},"61":{"start":{"line":178,"column":19},"end":{"line":183,"column":5}},"62":{"start":{"line":180,"column":8},"end":{"line":182,"column":10}},"63":{"start":{"line":185,"column":16},"end":{"line":204,"column":5}},"64":{"start":{"line":186,"column":18},"end":{"line":186,"column":20}},"65":{"start":{"line":187,"column":20},"end":{"line":187,"column":22}},"66":{"start":{"line":189,"column":8},"end":{"line":203,"column":9}},"67":{"start":{"line":190,"column":24},"end":{"line":190,"column":40}},"68":{"start":{"line":191,"column":27},"end":{"line":191,"column":44}},"69":{"start":{"line":192,"column":23},"end":{"line":192,"column":38}},"70":{"start":{"line":193,"column":12},"end":{"line":193,"column":46}},"71":{"start":{"line":194,"column":12},"end":{"line":194,"column":50}},"72":{"start":{"line":195,"column":12},"end":{"line":195,"column":44}},"73":{"start":{"line":198,"column":12},"end":{"line":198,"column":48}},"74":{"start":{"line":200,"column":12},"end":{"line":202,"column":14}},"75":{"start":{"line":213,"column":8},"end":{"line":213,"column":43}},"76":{"start":{"line":214,"column":8},"end":{"line":214,"column":37}},"77":{"start":{"line":215,"column":8},"end":{"line":215,"column":36}},"78":{"start":{"line":216,"column":8},"end":{"line":250,"column":9}},"79":{"start":{"line":217,"column":12},"end":{"line":223,"column":13}},"80":{"start":{"line":225,"column":12},"end":{"line":249,"column":13}},"81":{"start":{"line":230,"column":28},"end":{"line":230,"column":62}}},"fnMap":{"0":{"name":"(anonymous_0)","decl":{"start":{"line":13,"column":4},"end":{"line":13,"column":5}},"loc":{"start":{"line":13,"column":23},"end":{"line":42,"column":5}},"line":13},"1":{"name":"(anonymous_1)","decl":{"start":{"line":44,"column":16},"end":{"line":44,"column":17}},"loc":{"start":{"line":44,"column":27},"end":{"line":64,"column":5}},"line":44},"2":{"name":"(anonymous_2)","decl":{"start":{"line":66,"column":22},"end":{"line":66,"column":23}},"loc":{"start":{"line":66,"column":28},"end":{"line":170,"column":5}},"line":66},"3":{"name":"(anonymous_3)","decl":{"start":{"line":77,"column":36},"end":{"line":77,"column":37}},"loc":{"start":{"line":77,"column":50},"end":{"line":165,"column":9}},"line":77},"4":{"name":"(anonymous_4)","decl":{"start":{"line":165,"column":17},"end":{"line":165,"column":18}},"loc":{"start":{"line":165,"column":28},"end":{"line":167,"column":9}},"line":165},"5":{"name":"(anonymous_5)","decl":{"start":{"line":171,"column":17},"end":{"line":171,"column":18}},"loc":{"start":{"line":171,"column":28},"end":{"line":177,"column":5}},"line":171},"6":{"name":"(anonymous_6)","decl":{"start":{"line":178,"column":19},"end":{"line":178,"column":20}},"loc":{"start":{"line":178,"column":30},"end":{"line":183,"column":5}},"line":178},"7":{"name":"(anonymous_7)","decl":{"start":{"line":185,"column":16},"end":{"line":185,"column":17}},"loc":{"start":{"line":185,"column":27},"end":{"line":204,"column":5}},"line":185},"8":{"name":"(anonymous_8)","decl":{"start":{"line":209,"column":4},"end":{"line":209,"column":5}},"loc":{"start":{"line":209,"column":13},"end":{"line":253,"column":5}},"line":209},"9":{"name":"(anonymous_9)","decl":{"start":{"line":229,"column":74},"end":{"line":229,"column":75}},"loc":{"start":{"line":230,"column":28},"end":{"line":230,"column":62}},"line":230}},"branchMap":{"0":{"loc":{"start":{"line":94,"column":16},"end":{"line":101,"column":17}},"type":"if","locations":[{"start":{"line":94,"column":16},"end":{"line":101,"column":17}},{"start":{},"end":{}}],"line":94},"1":{"loc":{"start":{"line":189,"column":8},"end":{"line":203,"column":9}},"type":"if","locations":[{"start":{"line":189,"column":8},"end":{"line":203,"column":9}},{"start":{},"end":{}}],"line":189},"2":{"loc":{"start":{"line":189,"column":12},"end":{"line":189,"column":48}},"type":"binary-expr","locations":[{"start":{"line":189,"column":12},"end":{"line":189,"column":27}},{"start":{"line":189,"column":31},"end":{"line":189,"column":48}}],"line":189},"3":{"loc":{"start":{"line":216,"column":8},"end":{"line":250,"column":9}},"type":"if","locations":[{"start":{"line":216,"column":8},"end":{"line":250,"column":9}},{"start":{"line":224,"column":15},"end":{"line":250,"column":9}}],"line":216}},"s":{"0":0,"1":0,"2":0,"3":0,"4":0,"5":0,"6":0,"7":0,"8":0,"9":0,"10":0,"11":0,"12":0,"13":0,"14":0,"15":0,"16":0,"17":0,"18":0,"19":0,"20":0,"21":0,"22":0,"23":0,"24":0,"25":0,"26":0,"27":0,"28":0,"29":0,"30":0,"31":0,"32":0,"33":0,"34":0,"35":0,"36":0,"37":0,"38":0,"39":0,"40":0,"41":0,"42":0,"43":0,"44":0,"45":0,"46":0,"47":0,"48":0,"49":0,"50":0,"51":0,"52":0,"53":0,"54":0,"55":0,"56":0,"57":0,"58":0,"59":0,"60":0,"61":0,"62":0,"63":0,"64":0,"65":0,"66":0,"67":0,"68":0,"69":0,"70":0,"71":0,"72":0,"73":0,"74":0,"75":0,"76":0,"77":0,"78":0,"79":0,"80":0,"81":0},"f":{"0":0,"1":0,"2":0,"3":0,"4":0,"5":0,"6":0,"7":0,"8":0,"9":0},"b":{"0":[0,0],"1":[0,0],"2":[0,0],"3":[0,0]},"_coverageSchema":"1a1c01bbd47fc00a2c39e90264f33305004495a9","hash":"14df960cb123f797513f76549057a6124867d467"}
,"/Users/moshfeqshahrani/Desktop/Project-Zappies/client/src/QuantityDropdown.jsx": {"path":"/Users/moshfeqshahrani/Desktop/Project-Zappies/client/src/QuantityDropdown.jsx","statementMap":{"0":{"start":{"line":10,"column":4},"end":{"line":10,"column":12}},"1":{"start":{"line":12,"column":4},"end":{"line":15,"column":6}},"2":{"start":{"line":17,"column":4},"end":{"line":17,"column":45}},"3":{"start":{"line":18,"column":4},"end":{"line":18,"column":47}},"4":{"start":{"line":22,"column":4},"end":{"line":22,"column":27}},"5":{"start":{"line":24,"column":4},"end":{"line":26,"column":7}},"6":{"start":{"line":25,"column":6},"end":{"line":25,"column":57}},"7":{"start":{"line":30,"column":4},"end":{"line":32,"column":7}},"8":{"start":{"line":31,"column":6},"end":{"line":31,"column":60}},"9":{"start":{"line":36,"column":18},"end":{"line":36,"column":69}},"10":{"start":{"line":37,"column":19},"end":{"line":37,"column":21}},"11":{"start":{"line":39,"column":4},"end":{"line":41,"column":5}},"12":{"start":{"line":39,"column":17},"end":{"line":39,"column":18}},"13":{"start":{"line":40,"column":6},"end":{"line":40,"column":21}},"14":{"start":{"line":42,"column":21},"end":{"line":42,"column":24}},"15":{"start":{"line":43,"column":4},"end":{"line":49,"column":5}},"16":{"start":{"line":44,"column":6},"end":{"line":48,"column":7}},"17":{"start":{"line":45,"column":8},"end":{"line":45,"column":39}},"18":{"start":{"line":47,"column":8},"end":{"line":47,"column":25}},"19":{"start":{"line":51,"column":4},"end":{"line":74,"column":6}},"20":{"start":{"line":63,"column":18},"end":{"line":63,"column":114}}},"fnMap":{"0":{"name":"(anonymous_0)","decl":{"start":{"line":9,"column":2},"end":{"line":9,"column":3}},"loc":{"start":{"line":9,"column":16},"end":{"line":19,"column":3}},"line":9},"1":{"name":"(anonymous_1)","decl":{"start":{"line":21,"column":2},"end":{"line":21,"column":3}},"loc":{"start":{"line":21,"column":18},"end":{"line":27,"column":3}},"line":21},"2":{"name":"(anonymous_2)","decl":{"start":{"line":24,"column":38},"end":{"line":24,"column":39}},"loc":{"start":{"line":24,"column":44},"end":{"line":26,"column":5}},"line":24},"3":{"name":"(anonymous_3)","decl":{"start":{"line":29,"column":2},"end":{"line":29,"column":3}},"loc":{"start":{"line":29,"column":14},"end":{"line":33,"column":3}},"line":29},"4":{"name":"(anonymous_4)","decl":{"start":{"line":30,"column":39},"end":{"line":30,"column":40}},"loc":{"start":{"line":30,"column":45},"end":{"line":32,"column":5}},"line":30},"5":{"name":"(anonymous_5)","decl":{"start":{"line":35,"column":2},"end":{"line":35,"column":3}},"loc":{"start":{"line":35,"column":11},"end":{"line":75,"column":3}},"line":35},"6":{"name":"(anonymous_6)","decl":{"start":{"line":62,"column":28},"end":{"line":62,"column":29}},"loc":{"start":{"line":63,"column":18},"end":{"line":63,"column":114}},"line":63}},"branchMap":{"0":{"loc":{"start":{"line":36,"column":18},"end":{"line":36,"column":69}},"type":"cond-expr","locations":[{"start":{"line":36,"column":45},"end":{"line":36,"column":47}},{"start":{"line":36,"column":50},"end":{"line":36,"column":69}}],"line":36},"1":{"loc":{"start":{"line":43,"column":4},"end":{"line":49,"column":5}},"type":"if","locations":[{"start":{"line":43,"column":4},"end":{"line":49,"column":5}},{"start":{},"end":{}}],"line":43},"2":{"loc":{"start":{"line":44,"column":6},"end":{"line":48,"column":7}},"type":"if","locations":[{"start":{"line":44,"column":6},"end":{"line":48,"column":7}},{"start":{"line":46,"column":13},"end":{"line":48,"column":7}}],"line":44},"3":{"loc":{"start":{"line":59,"column":10},"end":{"line":71,"column":13}},"type":"cond-expr","locations":[{"start":{"line":61,"column":14},"end":{"line":67,"column":20}},{"start":{"line":70,"column":14},"end":{"line":70,"column":18}}],"line":59}},"s":{"0":1,"1":1,"2":1,"3":1,"4":0,"5":0,"6":0,"7":0,"8":0,"9":1,"10":1,"11":1,"12":1,"13":0,"14":1,"15":1,"16":0,"17":0,"18":0,"19":1,"20":0},"f":{"0":1,"1":0,"2":0,"3":0,"4":0,"5":1,"6":0},"b":{"0":[0,1],"1":[0,1],"2":[0,0],"3":[0,1]},"_coverageSchema":"1a1c01bbd47fc00a2c39e90264f33305004495a9","hash":"658dbd8fc601632fc84aed1e64de065faae28059"}
,"/Users/moshfeqshahrani/Desktop/Project-Zappies/client/src/ShoppingCart.jsx": {"path":"/Users/moshfeqshahrani/Desktop/Project-Zappies/client/src/ShoppingCart.jsx","statementMap":{"0":{"start":{"line":8,"column":8},"end":{"line":8,"column":21}},"1":{"start":{"line":9,"column":8},"end":{"line":14,"column":9}},"2":{"start":{"line":15,"column":8},"end":{"line":15,"column":51}},"3":{"start":{"line":20,"column":16},"end":{"line":39,"column":5}},"4":{"start":{"line":21,"column":18},"end":{"line":21,"column":20}},"5":{"start":{"line":22,"column":20},"end":{"line":22,"column":22}},"6":{"start":{"line":24,"column":8},"end":{"line":38,"column":9}},"7":{"start":{"line":25,"column":24},"end":{"line":25,"column":40}},"8":{"start":{"line":26,"column":27},"end":{"line":26,"column":44}},"9":{"start":{"line":27,"column":23},"end":{"line":27,"column":38}},"10":{"start":{"line":28,"column":12},"end":{"line":28,"column":46}},"11":{"start":{"line":29,"column":12},"end":{"line":29,"column":50}},"12":{"start":{"line":30,"column":12},"end":{"line":30,"column":44}},"13":{"start":{"line":33,"column":12},"end":{"line":33,"column":48}},"14":{"start":{"line":35,"column":12},"end":{"line":37,"column":14}},"15":{"start":{"line":45,"column":3},"end":{"line":49,"column":4}}},"fnMap":{"0":{"name":"(anonymous_0)","decl":{"start":{"line":7,"column":4},"end":{"line":7,"column":5}},"loc":{"start":{"line":7,"column":23},"end":{"line":17,"column":5}},"line":7},"1":{"name":"(anonymous_1)","decl":{"start":{"line":20,"column":16},"end":{"line":20,"column":17}},"loc":{"start":{"line":20,"column":27},"end":{"line":39,"column":5}},"line":20},"2":{"name":"(anonymous_2)","decl":{"start":{"line":44,"column":0},"end":{"line":44,"column":1}},"loc":{"start":{"line":44,"column":9},"end":{"line":54,"column":1}},"line":44}},"branchMap":{"0":{"loc":{"start":{"line":24,"column":8},"end":{"line":38,"column":9}},"type":"if","locations":[{"start":{"line":24,"column":8},"end":{"line":38,"column":9}},{"start":{},"end":{}}],"line":24},"1":{"loc":{"start":{"line":24,"column":12},"end":{"line":24,"column":48}},"type":"binary-expr","locations":[{"start":{"line":24,"column":12},"end":{"line":24,"column":27}},{"start":{"line":24,"column":31},"end":{"line":24,"column":48}}],"line":24}},"s":{"0":1,"1":1,"2":1,"3":1,"4":0,"5":0,"6":0,"7":0,"8":0,"9":0,"10":0,"11":0,"12":0,"13":0,"14":0,"15":1},"f":{"0":1,"1":0,"2":1},"b":{"0":[0,0],"1":[0,0]},"_coverageSchema":"1a1c01bbd47fc00a2c39e90264f33305004495a9","hash":"8c82bc7496a3698cd9f2a3447be65d277b691df9"}
,"/Users/moshfeqshahrani/Desktop/Project-Zappies/client/src/SizesDropdown.jsx": {"path":"/Users/moshfeqshahrani/Desktop/Project-Zappies/client/src/SizesDropdown.jsx","statementMap":{"0":{"start":{"line":9,"column":4},"end":{"line":9,"column":12}},"1":{"start":{"line":11,"column":4},"end":{"line":13,"column":6}},"2":{"start":{"line":15,"column":4},"end":{"line":15,"column":45}},"3":{"start":{"line":16,"column":4},"end":{"line":16,"column":47}},"4":{"start":{"line":20,"column":4},"end":{"line":20,"column":27}},"5":{"start":{"line":22,"column":4},"end":{"line":24,"column":7}},"6":{"start":{"line":23,"column":6},"end":{"line":23,"column":57}},"7":{"start":{"line":28,"column":4},"end":{"line":30,"column":7}},"8":{"start":{"line":29,"column":6},"end":{"line":29,"column":60}},"9":{"start":{"line":34,"column":17},"end":{"line":34,"column":30}},"10":{"start":{"line":35,"column":4},"end":{"line":37,"column":5}},"11":{"start":{"line":36,"column":6},"end":{"line":36,"column":31}},"12":{"start":{"line":39,"column":4},"end":{"line":61,"column":6}},"13":{"start":{"line":50,"column":18},"end":{"line":50,"column":109}}},"fnMap":{"0":{"name":"(anonymous_0)","decl":{"start":{"line":8,"column":2},"end":{"line":8,"column":3}},"loc":{"start":{"line":8,"column":16},"end":{"line":17,"column":3}},"line":8},"1":{"name":"(anonymous_1)","decl":{"start":{"line":19,"column":2},"end":{"line":19,"column":3}},"loc":{"start":{"line":19,"column":18},"end":{"line":25,"column":3}},"line":19},"2":{"name":"(anonymous_2)","decl":{"start":{"line":22,"column":38},"end":{"line":22,"column":39}},"loc":{"start":{"line":22,"column":44},"end":{"line":24,"column":5}},"line":22},"3":{"name":"(anonymous_3)","decl":{"start":{"line":27,"column":2},"end":{"line":27,"column":3}},"loc":{"start":{"line":27,"column":14},"end":{"line":31,"column":3}},"line":27},"4":{"name":"(anonymous_4)","decl":{"start":{"line":28,"column":39},"end":{"line":28,"column":40}},"loc":{"start":{"line":28,"column":45},"end":{"line":30,"column":5}},"line":28},"5":{"name":"(anonymous_5)","decl":{"start":{"line":33,"column":2},"end":{"line":33,"column":3}},"loc":{"start":{"line":33,"column":11},"end":{"line":62,"column":3}},"line":33},"6":{"name":"(anonymous_6)","decl":{"start":{"line":49,"column":38},"end":{"line":49,"column":39}},"loc":{"start":{"line":50,"column":18},"end":{"line":50,"column":109}},"line":50}},"branchMap":{"0":{"loc":{"start":{"line":35,"column":4},"end":{"line":37,"column":5}},"type":"if","locations":[{"start":{"line":35,"column":4},"end":{"line":37,"column":5}},{"start":{},"end":{}}],"line":35},"1":{"loc":{"start":{"line":46,"column":10},"end":{"line":58,"column":13}},"type":"cond-expr","locations":[{"start":{"line":48,"column":14},"end":{"line":54,"column":20}},{"start":{"line":57,"column":14},"end":{"line":57,"column":18}}],"line":46}},"s":{"0":0,"1":0,"2":0,"3":0,"4":0,"5":0,"6":0,"7":0,"8":0,"9":0,"10":0,"11":0,"12":0,"13":0},"f":{"0":0,"1":0,"2":0,"3":0,"4":0,"5":0,"6":0},"b":{"0":[0,0],"1":[0,0]},"_coverageSchema":"1a1c01bbd47fc00a2c39e90264f33305004495a9","hash":"bb1335e01f227ca748fa05a46f8a4ce2187dd457"}
,"/Users/moshfeqshahrani/Desktop/Project-Zappies/client/src/SocialMedia.jsx": {"path":"/Users/moshfeqshahrani/Desktop/Project-Zappies/client/src/SocialMedia.jsx","statementMap":{"0":{"start":{"line":5,"column":2},"end":{"line":12,"column":4}}},"fnMap":{"0":{"name":"SocialMedia","decl":{"start":{"line":4,"column":9},"end":{"line":4,"column":20}},"loc":{"start":{"line":4,"column":23},"end":{"line":13,"column":1}},"line":4}},"branchMap":{},"s":{"0":0},"f":{"0":0},"b":{},"_coverageSchema":"1a1c01bbd47fc00a2c39e90264f33305004495a9","hash":"83664c44d606b1b32959d094de441cbc03ff1346"}
,"/Users/moshfeqshahrani/Desktop/Project-Zappies/client/src/StarRatings.jsx": {"path":"/Users/moshfeqshahrani/Desktop/Project-Zappies/client/src/StarRatings.jsx","statementMap":{"0":{"start":{"line":6,"column":15},"end":{"line":6,"column":35}},"1":{"start":{"line":7,"column":21},"end":{"line":7,"column":22}},"2":{"start":{"line":9,"column":16},"end":{"line":9,"column":17}},"3":{"start":{"line":10,"column":2},"end":{"line":13,"column":3}},"4":{"start":{"line":11,"column":4},"end":{"line":11,"column":24}},"5":{"start":{"line":12,"column":4},"end":{"line":12,"column":18}},"6":{"start":{"line":15,"column":2},"end":{"line":23,"column":3}},"7":{"start":{"line":16,"column":4},"end":{"line":16,"column":22}},"8":{"start":{"line":17,"column":9},"end":{"line":23,"column":3}},"9":{"start":{"line":18,"column":4},"end":{"line":18,"column":23}},"10":{"start":{"line":19,"column":9},"end":{"line":23,"column":3}},"11":{"start":{"line":20,"column":4},"end":{"line":20,"column":22}},"12":{"start":{"line":21,"column":9},"end":{"line":23,"column":3}},"13":{"start":{"line":22,"column":4},"end":{"line":22,"column":23}},"14":{"start":{"line":25,"column":16},"end":{"line":25,"column":51}},"15":{"start":{"line":27,"column":2},"end":{"line":34,"column":4}}},"fnMap":{"0":{"name":"StarRatings","decl":{"start":{"line":5,"column":9},"end":{"line":5,"column":20}},"loc":{"start":{"line":5,"column":28},"end":{"line":35,"column":1}},"line":5}},"branchMap":{"0":{"loc":{"start":{"line":15,"column":2},"end":{"line":23,"column":3}},"type":"if","locations":[{"start":{"line":15,"column":2},"end":{"line":23,"column":3}},{"start":{"line":17,"column":9},"end":{"line":23,"column":3}}],"line":15},"1":{"loc":{"start":{"line":15,"column":6},"end":{"line":15,"column":35}},"type":"binary-expr","locations":[{"start":{"line":15,"column":6},"end":{"line":15,"column":18}},{"start":{"line":15,"column":22},"end":{"line":15,"column":35}}],"line":15},"2":{"loc":{"start":{"line":17,"column":9},"end":{"line":23,"column":3}},"type":"if","locations":[{"start":{"line":17,"column":9},"end":{"line":23,"column":3}},{"start":{"line":19,"column":9},"end":{"line":23,"column":3}}],"line":17},"3":{"loc":{"start":{"line":17,"column":13},"end":{"line":17,"column":42}},"type":"binary-expr","locations":[{"start":{"line":17,"column":13},"end":{"line":17,"column":25}},{"start":{"line":17,"column":29},"end":{"line":17,"column":42}}],"line":17},"4":{"loc":{"start":{"line":19,"column":9},"end":{"line":23,"column":3}},"type":"if","locations":[{"start":{"line":19,"column":9},"end":{"line":23,"column":3}},{"start":{"line":21,"column":9},"end":{"line":23,"column":3}}],"line":19},"5":{"loc":{"start":{"line":19,"column":13},"end":{"line":19,"column":42}},"type":"binary-expr","locations":[{"start":{"line":19,"column":13},"end":{"line":19,"column":25}},{"start":{"line":19,"column":29},"end":{"line":19,"column":42}}],"line":19},"6":{"loc":{"start":{"line":21,"column":9},"end":{"line":23,"column":3}},"type":"if","locations":[{"start":{"line":21,"column":9},"end":{"line":23,"column":3}},{"start":{},"end":{}}],"line":21}},"s":{"0":0,"1":0,"2":0,"3":0,"4":0,"5":0,"6":0,"7":0,"8":0,"9":0,"10":0,"11":0,"12":0,"13":0,"14":0,"15":0},"f":{"0":0},"b":{"0":[0,0],"1":[0,0],"2":[0,0],"3":[0,0],"4":[0,0],"5":[0,0],"6":[0,0]},"_coverageSchema":"1a1c01bbd47fc00a2c39e90264f33305004495a9","hash":"7690d87c3a0294c04609ad5ecdd98f5c523b18b8"}
}
