TN:
SF:client/src/App.jsx
FN:11,(anonymous_0)
FN:22,(anonymous_1)
FN:75,(anonymous_2)
FNF:3
FNH:3
FNDA:4,(anonymous_0)
FNDA:1,(anonymous_1)
FNDA:6,(anonymous_2)
DA:12,4
DA:13,4
DA:19,4
DA:22,4
DA:66,1
DA:76,6
DA:77,2
DA:83,4
LF:8
LH:8
BRDA:76,0,0,2
BRDA:76,0,1,4
BRF:2
BRH:2
end_of_record
TN:
SF:client/src/ColorsDropdown.jsx
FN:5,(anonymous_0)
FN:16,(anonymous_1)
FN:19,(anonymous_2)
FN:24,(anonymous_3)
FN:25,(anonymous_4)
FN:30,(anonymous_5)
FN:46,(anonymous_6)
FNF:7
FNH:5
FNDA:4,(anonymous_0)
FNDA:1,(anonymous_1)
FNDA:1,(anonymous_2)
FNDA:0,(anonymous_3)
FNDA:0,(anonymous_4)
FNDA:9,(anonymous_5)
FNDA:2,(anonymous_6)
DA:6,4
DA:8,4
DA:12,4
DA:13,4
DA:17,1
DA:19,1
DA:20,1
DA:25,0
DA:26,0
DA:31,9
DA:32,5
DA:41,4
DA:47,2
LF:13
LH:11
BRDA:31,0,0,5
BRDA:31,0,1,4
BRDA:43,1,0,4
BRDA:43,1,1,0
BRF:4
BRH:3
end_of_record
TN:
SF:client/src/MainPage.jsx
FN:5,(anonymous_0)
FN:12,(anonymous_1)
FNF:2
FNH:2
FNDA:2,(anonymous_0)
FNDA:2,(anonymous_1)
DA:6,2
DA:7,2
DA:13,2
LF:3
LH:3
BRF:0
BRH:0
end_of_record
TN:
SF:client/src/ProductDetail.jsx
FN:13,(anonymous_0)
FN:45,(anonymous_1)
FN:67,(anonymous_2)
FN:78,(anonymous_3)
FN:162,(anonymous_4)
FN:168,(anonymous_5)
FN:175,(anonymous_6)
FN:182,(anonymous_7)
FN:203,(anonymous_8)
FN:222,(anonymous_9)
FNF:10
FNH:2
FNDA:3,(anonymous_0)
FNDA:0,(anonymous_1)
FNDA:0,(anonymous_2)
FNDA:0,(anonymous_3)
FNDA:0,(anonymous_4)
FNDA:0,(anonymous_5)
FNDA:0,(anonymous_6)
FNDA:0,(anonymous_7)
FNDA:5,(anonymous_8)
FNDA:0,(anonymous_9)
DA:14,3
DA:15,3
DA:37,3
DA:38,3
DA:39,3
DA:40,3
DA:41,3
DA:45,3
DA:52,0
DA:53,0
DA:54,0
DA:57,0
DA:67,3
DA:68,0
DA:78,0
DA:79,0
DA:80,0
DA:81,0
DA:82,0
DA:83,0
DA:84,0
DA:85,0
DA:87,0
DA:88,0
DA:92,0
DA:95,0
DA:96,0
DA:97,0
DA:98,0
DA:99,0
DA:100,0
DA:101,0
DA:104,0
DA:105,0
DA:106,0
DA:107,0
DA:109,0
DA:111,0
DA:119,0
DA:122,0
DA:124,0
DA:125,0
DA:126,0
DA:128,0
DA:129,0
DA:130,0
DA:131,0
DA:132,0
DA:133,0
DA:135,0
DA:144,0
DA:145,0
DA:146,0
DA:149,0
DA:163,0
DA:168,3
DA:169,0
DA:175,3
DA:177,0
DA:182,3
DA:183,0
DA:184,0
DA:186,0
DA:187,0
DA:188,0
DA:189,0
DA:190,0
DA:191,0
DA:192,0
DA:195,0
DA:197,0
DA:206,5
DA:210,5
DA:211,4
DA:219,1
DA:223,0
LF:76
LH:16
BRDA:95,0,0,0
BRDA:95,0,1,0
BRDA:186,1,0,0
BRDA:186,1,1,0
BRDA:186,2,0,0
BRDA:186,2,1,0
BRDA:210,3,0,4
BRDA:210,3,1,1
BRF:8
BRH:2
end_of_record
TN:
SF:client/src/QuantityDropdown.jsx
FN:9,(anonymous_0)
FN:21,(anonymous_1)
FN:24,(anonymous_2)
FN:29,(anonymous_3)
FN:30,(anonymous_4)
FN:35,(anonymous_5)
FN:62,(anonymous_6)
FNF:7
FNH:4
FNDA:3,(anonymous_0)
FNDA:1,(anonymous_1)
FNDA:1,(anonymous_2)
FNDA:0,(anonymous_3)
FNDA:0,(anonymous_4)
FNDA:6,(anonymous_5)
FNDA:0,(anonymous_6)
DA:10,3
DA:12,3
DA:17,3
DA:18,3
DA:22,1
DA:24,1
DA:25,1
DA:30,0
DA:31,0
DA:36,6
DA:37,6
DA:39,6
DA:40,0
DA:42,6
DA:43,6
DA:44,0
DA:45,0
DA:47,0
DA:51,6
DA:63,0
LF:20
LH:13
BRDA:36,0,0,0
BRDA:36,0,1,6
BRDA:43,1,0,0
BRDA:43,1,1,6
BRDA:44,2,0,0
BRDA:44,2,1,0
BRDA:59,3,0,2
BRDA:59,3,1,4
BRF:8
BRH:4
end_of_record
TN:
SF:client/src/ShoppingCart.jsx
FN:7,(anonymous_0)
FN:20,(anonymous_1)
FN:44,(anonymous_2)
FNF:3
FNH:2
FNDA:1,(anonymous_0)
FNDA:0,(anonymous_1)
FNDA:1,(anonymous_2)
DA:8,1
DA:9,1
DA:15,1
DA:20,1
DA:21,0
DA:22,0
DA:24,0
DA:25,0
DA:26,0
DA:27,0
DA:28,0
DA:29,0
DA:30,0
DA:33,0
DA:35,0
DA:45,1
LF:16
LH:5
BRDA:24,0,0,0
BRDA:24,0,1,0
BRDA:24,1,0,0
BRDA:24,1,1,0
BRF:4
BRH:0
end_of_record
TN:
SF:client/src/SizesDropdown.jsx
FN:8,(anonymous_0)
FN:19,(anonymous_1)
FN:22,(anonymous_2)
FN:27,(anonymous_3)
FN:28,(anonymous_4)
FN:33,(anonymous_5)
FN:49,(anonymous_6)
FNF:7
FNH:2
FNDA:1,(anonymous_0)
FNDA:0,(anonymous_1)
FNDA:0,(anonymous_2)
FNDA:0,(anonymous_3)
FNDA:0,(anonymous_4)
FNDA:1,(anonymous_5)
FNDA:0,(anonymous_6)
DA:9,1
DA:11,1
DA:15,1
DA:16,1
DA:20,0
DA:22,0
DA:23,0
DA:28,0
DA:29,0
DA:34,1
DA:35,1
DA:36,0
DA:39,1
DA:50,0
LF:14
LH:7
BRDA:35,0,0,0
BRDA:35,0,1,1
BRDA:46,1,0,0
BRDA:46,1,1,1
BRF:4
BRH:2
end_of_record
TN:
SF:client/src/SocialMedia.jsx
FN:4,SocialMedia
FNF:1
FNH:1
FNDA:2,SocialMedia
DA:5,2
LF:1
LH:1
BRF:0
BRH:0
end_of_record
TN:
SF:client/src/StarRatings.jsx
FN:5,StarRatings
FNF:1
FNH:1
FNDA:2,StarRatings
DA:6,2
DA:7,2
DA:9,2
DA:10,2
DA:11,0
DA:12,0
DA:15,2
DA:16,0
DA:17,2
DA:18,0
DA:19,2
DA:20,0
DA:21,2
DA:22,0
DA:25,2
DA:27,2
LF:16
LH:10
BRDA:15,0,0,0
BRDA:15,0,1,2
BRDA:15,1,0,2
BRDA:15,1,1,0
BRDA:17,2,0,0
BRDA:17,2,1,2
BRDA:17,3,0,2
BRDA:17,3,1,0
BRDA:19,4,0,0
BRDA:19,4,1,2
BRDA:19,5,0,2
BRDA:19,5,1,0
BRDA:21,6,0,0
BRDA:21,6,1,2
BRF:14
BRH:7
end_of_record
